0.0 1.0 857 2270
0.01 0.99 857 2270
0.02 0.98 857 2270
0.03 0.97 857 2267
0.04 0.96 857 2267
0.05 0.95 857 2270
0.06 0.94 861 2263
0.07 0.93 858 2257
0.08 0.92 861 2260
0.09 0.91 864 2256
0.1 0.9 864 2256
0.11 0.89 864 2256
0.12 0.88 860 2257
0.13 0.87 854 2254
0.14 0.86 854 2254
0.15 0.85 854 2254
0.16 0.84 854 2250
0.17 0.83 854 2242
0.18 0.82 854 2242
0.19 0.81 851 2242
0.2 0.8 851 2251
0.21 0.79 851 2255
0.22 0.78 851 2252
0.23 0.77 851 2252
0.24 0.76 851 2252
0.25 0.75 858 2256
0.26 0.74 858 2256
0.27 0.73 858 2256
0.28 0.72 858 2250
0.29 0.71 858 2247
0.3 0.7 858 2247
0.31 0.69 858 2243
0.32 0.68 862 2240
0.33 0.67 861 2237
0.34 0.66 861 2244
0.35 0.65 861 2244
0.36 0.64 865 2248
0.37 0.63 868 2244
0.38 0.62 868 2244
0.39 0.61 868 2240
0.4 0.6 868 2240
0.41 0.59 868 2240
0.42 0.58 868 2232
0.43 0.57 868 2223
0.44 0.56 871 2218
0.45 0.55 871 2222
0.46 0.54 871 2222
0.47 0.53 867 2222
0.48 0.52 867 2215
0.49 0.51 870 2221
0.5 0.5 870 2218
0.51 0.49 867 2215
0.52 0.48 867 2215
0.53 0.47 867 2215
0.54 0.46 867 2211
0.55 0.45 871 2208
0.56 0.44 867 2207
0.57 0.43 867 2207
0.58 0.42 867 2203
0.59 0.41 867 2203
0.6 0.4 867 2203
0.61 0.39 867 2212
0.62 0.38 867 2212
0.63 0.37 863 2208
0.64 0.36 863 2205
0.65 0.35 866 2208
0.66 0.34 869 2208
0.67 0.33 869 2208
0.68 0.32 869 2211
0.69 0.31 869 2211
0.7 0.3 869 2211
0.71 0.29 869 2211
0.72 0.28 869 2211
0.73 0.27 869 2211
0.74 0.26 869 2211
0.75 0.25 869 2211
0.76 0.24 866 2208
0.77 0.23 866 2220
0.78 0.22 866 2220
0.79 0.21 866 2212
0.8 0.2 866 2215
0.81 0.19 866 2215
0.82 0.18 866 2219
0.83 0.17 866 2219
0.84 0.16 866 2219
0.85 0.15 866 2223
0.86 0.14 869 2223
0.87 0.13 869 2217
0.88 0.12 869 2217
0.89 0.11 869 2217
0.9 0.1 869 2217
0.91 0.09 869 2217
0.92 0.08 869 2221
0.93 0.07 869 2221
0.94 0.06 869 2221
0.95 0.05 869 2218
0.96 0.04 866 2225
0.97 0.03 866 2222
0.98 0.02 866 2222
0.99 0.01 869 2225
1.0 0.0 869 2222
